<?xml version="1.0" encoding="UTF-8"?>
<testsuite xmlns:xsi="http://www.w3.org/2001/XMLSchema-instance" xsi:noNamespaceSchemaLocation="https://maven.apache.org/surefire/maven-surefire-plugin/xsd/surefire-test-report.xsd" name="com.minticiclo4.Reto2Ciclo4.Reto2ciclo4ApplicationTests" time="40.867" tests="1" errors="0" skipped="0" failures="0">
  <properties>
[...]
</properties>
  <testcase name="contextLoads" classname="com.minticiclo4.Reto2Ciclo4.Reto2ciclo4ApplicationTests" time="16.286"/>
</testsuite>